{"/Users/Seth/Desktop/personal projects/screenshotter/lib/convertCsvToTxt.js":{"path":"/Users/Seth/Desktop/personal projects/screenshotter/lib/convertCsvToTxt.js","s":{"1":1,"2":2,"3":2,"4":1,"5":1,"6":7,"7":1},"b":{"1":[1,1]},"f":{"1":2,"2":7},"fnMap":{"1":{"name":"convertCsvToTxt","line":1,"loc":{"start":{"line":1,"column":0},"end":{"line":1,"column":39}}},"2":{"name":"(anonymous_2)","line":13,"loc":{"start":{"line":13,"column":6},"end":{"line":13,"column":24}}}},"statementMap":{"1":{"start":{"line":1,"column":0},"end":{"line":18,"column":1}},"2":{"start":{"line":3,"column":2},"end":{"line":3,"column":25}},"3":{"start":{"line":4,"column":2},"end":{"line":6,"column":3}},"4":{"start":{"line":5,"column":4},"end":{"line":5,"column":61}},"5":{"start":{"line":7,"column":2},"end":{"line":16,"column":6}},"6":{"start":{"line":14,"column":8},"end":{"line":14,"column":27}},"7":{"start":{"line":20,"column":0},"end":{"line":20,"column":33}}},"branchMap":{"1":{"line":4,"type":"if","locations":[{"start":{"line":4,"column":2},"end":{"line":4,"column":2}},{"start":{"line":4,"column":2},"end":{"line":4,"column":2}}]}}}}